<?xml version="1.0" encoding="UTF-8"?>
<testsuite name="CustomArrayListTest$AddTest" tests="1" skipped="0" failures="0" errors="0" timestamp="2021-04-28T16:47:30" hostname="Aspire-A315-42" time="0.046">
  <properties/>
  <testcase name="sort()" classname="CustomArrayListTest$AddTest" time="0.046"/>
  <system-out><![CDATA[]]></system-out>
  <system-err><![CDATA[]]></system-err>
</testsuite>
